c:\users\administrator\cppprojects\sdk_origin_improv\ysxsdkdemo\release\ysxsdkdemo.pch
c:\users\administrator\cppprojects\sdk_origin_improv\ysxsdkdemo\release\vc141.pdb
c:\users\administrator\cppprojects\sdk_origin_improv\ysxsdkdemo\release\stdafx.obj
c:\users\administrator\cppprojects\sdk_origin_improv\ysxsdkdemo\release\ysxsdkdemo.obj
c:\users\administrator\cppprojects\sdk_origin_improv\ysxsdkdemo\release\mainwnd.obj
c:\users\administrator\cppprojects\sdk_origin_improv\ysxsdkdemo\release\loginframe.obj
c:\users\administrator\cppprojects\sdk_origin_improv\bin\ysxsdkdemo.exe
c:\users\administrator\cppprojects\sdk_origin_improv\bin\ysxsdkdemo.pdb
c:\users\administrator\cppprojects\sdk_origin_improv\ysxsdkdemo\release\ysxsdkdemo.res
c:\users\administrator\cppprojects\sdk_origin_improv\bin\ysxsdkdemo.ipdb
c:\users\administrator\cppprojects\sdk_origin_improv\bin\ysxsdkdemo.iobj
c:\users\administrator\cppprojects\ysxdangjiancppnew\ysxsdkdemo\release\loginframe.obj
c:\users\administrator\cppprojects\ysxdangjiancppnew\ysxsdkdemo\release\mainwnd.obj
c:\users\administrator\cppprojects\ysxdangjiancppnew\ysxsdkdemo\release\stdafx.obj
c:\users\administrator\cppprojects\ysxdangjiancppnew\ysxsdkdemo\release\ysxsdkdemo.obj
c:\users\administrator\cppprojects\ysxdangjiancppnew\ysxsdkdemo\release\ysxsdkdemo.res
c:\users\administrator\cppprojects\ysxdangjiancppnew\ysxsdkdemo\release\ysxsdkdemo.pch
c:\users\administrator\cppprojects\ysxdangjiancppnew\ysxsdkdemo\release\vc141.pdb
c:\users\administrator\cppprojects\ysxdangjiancppnew\bin\ysxsdkdemo.pdb
c:\users\administrator\cppprojects\ysxdangjiancppnew\bin\ysxsdkdemo.exe
c:\users\administrator\cppprojects\ysxdangjiancppnew\ysxsdkdemo\release\ysxsdkdemo.tlog\cl.command.1.tlog
c:\users\administrator\cppprojects\ysxdangjiancppnew\ysxsdkdemo\release\ysxsdkdemo.tlog\cl.read.1.tlog
c:\users\administrator\cppprojects\ysxdangjiancppnew\ysxsdkdemo\release\ysxsdkdemo.tlog\cl.write.1.tlog
c:\users\administrator\cppprojects\ysxdangjiancppnew\ysxsdkdemo\release\ysxsdkdemo.tlog\link.command.1.tlog
c:\users\administrator\cppprojects\ysxdangjiancppnew\ysxsdkdemo\release\ysxsdkdemo.tlog\link.read.1.tlog
c:\users\administrator\cppprojects\ysxdangjiancppnew\ysxsdkdemo\release\ysxsdkdemo.tlog\link.write.1.tlog
c:\users\administrator\cppprojects\ysxdangjiancppnew\ysxsdkdemo\release\ysxsdkdemo.tlog\rc.command.1.tlog
c:\users\administrator\cppprojects\ysxdangjiancppnew\ysxsdkdemo\release\ysxsdkdemo.tlog\rc.read.1.tlog
c:\users\administrator\cppprojects\ysxdangjiancppnew\ysxsdkdemo\release\ysxsdkdemo.tlog\rc.write.1.tlog
c:\users\administrator\cppprojects\ysxdangjiancppnew\ysxsdkdemo\release\ysxsdkdemo.tlog\ysxsdkdemo.write.1u.tlog
